<?xml version="1.0" encoding="UTF-8"?>
<!-- Generated by org.testng.reporters.JUnitReportReporter -->
<testsuite hostname="chandans-MacBook-Air.local" failures="0" tests="2" name="com.application.testngtestcases.ActimeTimePageTest" time="13.860" errors="0" timestamp="2024-06-15T23:04:42 IST" skipped="0">
  <testcase classname="com.application.testngtestcases.ActimeTimePageTest" name="emailtest12" time="6.939"/>
  <system-out/>
  <testcase classname="com.application.testngtestcases.ActimeTimePageTest" name="emailtest1" time="6.921"/>
  <system-out/>
</testsuite> <!-- com.application.testngtestcases.ActimeTimePageTest -->
