<?xml version="1.0" encoding="UTF-8"?>
<!-- Generated by org.testng.reporters.JUnitReportReporter -->
<testsuite hostname="chandans-MacBook-Air.local" failures="0" tests="1" name="playwrightconcepts.FrameHandling" time="17.458" errors="0" timestamp="2024-10-02T16:10:33 IST" skipped="0">
  <testcase classname="playwrightconcepts.FrameHandling" name="frameHandling" time="17.458"/>
  <system-out/>
</testsuite> <!-- playwrightconcepts.FrameHandling -->
