<?xml version="1.0" encoding="UTF-8"?>
<!-- Generated by org.testng.reporters.JUnitReportReporter -->
<testsuite hostname="chandans-MacBook-Air.local" failures="0" tests="1" name="application.getUrl" time="17.892" errors="0" timestamp="2024-09-16T19:02:57 IST" skipped="0">
  <testcase classname="application.getUrl" name="getTitle" time="17.892"/>
  <system-out/>
</testsuite> <!-- application.getUrl -->
