<?xml version="1.0" encoding="UTF-8"?>
<!-- Generated by org.testng.reporters.JUnitReportReporter -->
<testsuite hostname="chandans-MacBook-Air.local" failures="0" tests="1" name="playwrightconcepts.MultipleWindows2" time="15.595" errors="0" timestamp="2025-01-20T17:41:04 IST" skipped="0">
  <testcase classname="playwrightconcepts.MultipleWindows2" name="windowHandles" time="15.595"/>
  <system-out/>
</testsuite> <!-- playwrightconcepts.MultipleWindows2 -->
