<?xml version="1.0" encoding="UTF-8"?>
<!-- Generated by org.testng.reporters.JUnitReportReporter -->
<testsuite hostname="chandans-MacBook-Air.local" failures="0" tests="1" name="playwrightconcepts.AutoSuggestion" time="15.514" errors="0" timestamp="2024-09-18T22:36:27 IST" skipped="0">
  <testcase classname="playwrightconcepts.AutoSuggestion" name="autoSuggestion" time="15.514"/>
  <system-out/>
</testsuite> <!-- playwrightconcepts.AutoSuggestion -->
