<?xml version="1.0" encoding="UTF-8"?>
<!-- Generated by org.testng.reporters.JUnitReportReporter -->
<testsuite hostname="chandans-MacBook-Air.local" failures="0" tests="1" name="playwrightconcepts.Dropdown" time="29.153" errors="0" timestamp="2024-09-17T18:46:38 IST" skipped="0">
  <testcase classname="playwrightconcepts.Dropdown" name="selectDropdown" time="29.153"/>
  <system-out/>
</testsuite> <!-- playwrightconcepts.Dropdown -->
