<?xml version="1.0" encoding="UTF-8"?>
<!-- Generated by org.testng.reporters.JUnitReportReporter -->
<testsuite hostname="chandans-MacBook-Air.local" failures="0" tests="2" name="com.application.testngtestcases.ActimeTimePageTest" time="6.776" errors="0" timestamp="2024-10-02T16:29:33 IST" skipped="0">
  <testcase classname="com.application.testngtestcases.ActimeTimePageTest" name="zypher" time="3.087"/>
  <system-out/>
  <testcase classname="com.application.testngtestcases.ActimeTimePageTest" name="emailtest1" time="3.689"/>
  <system-out/>
</testsuite> <!-- com.application.testngtestcases.ActimeTimePageTest -->
