<?xml version="1.0" encoding="UTF-8"?>
<!-- Generated by org.testng.reporters.JUnitReportReporter -->
<testsuite hostname="chandans-MacBook-Air.local" failures="0" tests="1" name="playwrightconcepts.Tooltip" time="6.110" errors="0" timestamp="2024-09-17T22:17:22 IST" skipped="0">
  <testcase classname="playwrightconcepts.Tooltip" name="getTitle" time="6.110"/>
  <system-out/>
</testsuite> <!-- playwrightconcepts.Tooltip -->
