<?xml version="1.0" encoding="UTF-8"?>
<!-- Generated by org.testng.reporters.JUnitReportReporter -->
<testsuite hostname="chandans-MacBook-Air.local" failures="0" tests="1" name="playwrightconcepts.AutoSuggestion" time="14.155" errors="0" timestamp="2025-01-19T23:52:52 IST" skipped="0">
  <testcase classname="playwrightconcepts.AutoSuggestion" name="autoSuggestion" time="14.155"/>
  <system-out/>
</testsuite> <!-- playwrightconcepts.AutoSuggestion -->
