<?xml version="1.0" encoding="UTF-8"?>
<!-- Generated by org.testng.reporters.JUnitReportReporter -->
<testsuite hostname="chandans-MacBook-Air.local" failures="0" tests="1" name="playwrightconcepts.FileUpload" time="21.991" errors="0" timestamp="2024-09-23T09:21:24 IST" skipped="0">
  <testcase classname="playwrightconcepts.FileUpload" name="fileUpload" time="21.991"/>
  <system-out/>
</testsuite> <!-- playwrightconcepts.FileUpload -->
