<?xml version="1.0" encoding="UTF-8"?>
<!-- Generated by org.testng.reporters.JUnitReportReporter -->
<testsuite hostname="chandans-MacBook-Air.local" failures="0" tests="2" name="com.application.testngtestcases.ActimePage" time="7.276" errors="0" timestamp="2024-06-15T23:04:42 IST" skipped="0">
  <testcase classname="com.application.testngtestcases.ActimePage" name="emailtest1" time="2.569"/>
  <system-out/>
  <testcase classname="com.application.testngtestcases.ActimePage" name="emailtest" time="4.707"/>
  <system-out/>
</testsuite> <!-- com.application.testngtestcases.ActimePage -->
