<?xml version="1.0" encoding="UTF-8"?>
<!-- Generated by org.testng.reporters.JUnitReportReporter -->
<testsuite hostname="chandans-MacBook-Air.local" failures="0" tests="1" name="application.BackAndForward" time="20.787" errors="0" timestamp="2024-06-24T23:10:16 IST" skipped="0">
  <testcase classname="application.BackAndForward" name="getTitle" time="20.787"/>
  <system-out/>
</testsuite> <!-- application.BackAndForward -->
