<?xml version="1.0" encoding="UTF-8"?>
<!-- Generated by org.testng.reporters.JUnitReportReporter -->
<testsuite hostname="chandans-MacBook-Air.local" failures="0" tests="1" name="application.Tooltip2" time="3.856" errors="0" timestamp="2024-09-16T19:13:42 IST" skipped="0">
  <testcase classname="application.Tooltip2" name="getTitle" time="3.856"/>
  <system-out/>
</testsuite> <!-- application.Tooltip2 -->
