<?xml version="1.0" encoding="UTF-8"?>
<!-- Generated by org.testng.reporters.JUnitReportReporter -->
<testsuite hostname="chandans-MacBook-Air.local" failures="0" tests="2" name="com.application.testngtestcases.ActimePage" time="4.500" errors="0" timestamp="2024-10-02T16:29:33 IST" skipped="0">
  <testcase classname="com.application.testngtestcases.ActimePage" name="emailtest4" time="2.021"/>
  <system-out/>
  <testcase classname="com.application.testngtestcases.ActimePage" name="emailtest" time="2.479"/>
  <system-out/>
</testsuite> <!-- com.application.testngtestcases.ActimePage -->
