<?xml version="1.0" encoding="UTF-8"?>
<!-- Generated by org.testng.reporters.JUnitReportReporter -->
<testsuite hostname="chandans-MacBook-Air.local" failures="0" tests="1" name="playwrightconcepts.StoreCookies" time="19.324" errors="0" timestamp="2024-09-21T20:03:13 IST" skipped="0">
  <testcase classname="playwrightconcepts.StoreCookies" name="application" time="19.324"/>
  <system-out/>
</testsuite> <!-- playwrightconcepts.StoreCookies -->
