<?xml version="1.0" encoding="UTF-8"?>
<!-- Generated by org.testng.reporters.JUnitReportReporter -->
<testsuite hostname="chandans-MacBook-Air.local" failures="0" tests="1" name="playwrightconcepts.AuthenticationPopUp" time="5.968" errors="1" timestamp="2024-09-20T15:44:06 IST" skipped="0">
  <testcase classname="playwrightconcepts.AuthenticationPopUp" name="authPopUp" time="5.968">
    <error message="Error {
  message=&#039;Target page, context or browser has been closed
  name=&#039;TargetClosedError
  stack=&#039;TargetClosedError:Target page, context or browser has been closed
Error
    at captureRawStack (/private/var/folders/5l/vkhf9r3554ggrmzshyky98p40000gn/T/playwright-java-5391121440656173722/package/lib/utils/stackTrace.js:50:17)
    at LongStandingScope._race (/private/var/folders/5l/vkhf9r3554ggrmzshyky98p40000gn/T/playwright-java-5391121440656173722/package/lib/utils/manualPromise.js:91:52)
    at LongStandingScope.race (/private/var/folders/5l/vkhf9r3554ggrmzshyky98p40000gn/T/playwright-java-5391121440656173722/package/lib/utils/manualPromise.js:84:17)
    at FrameDispatcher._handleCommand (/private/var/folders/5l/vkhf9r3554ggrmzshyky98p40000gn/T/playwright-java-5391121440656173722/package/lib/server/dispatchers/dispatcher.js:96:36)
    at DispatcherConnection.dispatch (/private/var/folders/5l/vkhf9r3554ggrmzshyky98p40000gn/T/playwright-java-5391121440656173722/package/lib/server/dispatchers/dispatcher.js:362:39)
}
Call log:
- navigating to &quot;https://the-internet.herokuapp.com/digest_auth&quot;, waiting until &quot;load&quot;
" type="com.microsoft.playwright.PlaywrightException">
      <![CDATA[com.microsoft.playwright.PlaywrightException: Error {
  message='Target page, context or browser has been closed
  name='TargetClosedError
  stack='TargetClosedError:Target page, context or browser has been closed
Error
    at captureRawStack (/private/var/folders/5l/vkhf9r3554ggrmzshyky98p40000gn/T/playwright-java-5391121440656173722/package/lib/utils/stackTrace.js:50:17)
    at LongStandingScope._race (/private/var/folders/5l/vkhf9r3554ggrmzshyky98p40000gn/T/playwright-java-5391121440656173722/package/lib/utils/manualPromise.js:91:52)
    at LongStandingScope.race (/private/var/folders/5l/vkhf9r3554ggrmzshyky98p40000gn/T/playwright-java-5391121440656173722/package/lib/utils/manualPromise.js:84:17)
    at FrameDispatcher._handleCommand (/private/var/folders/5l/vkhf9r3554ggrmzshyky98p40000gn/T/playwright-java-5391121440656173722/package/lib/server/dispatchers/dispatcher.js:96:36)
    at DispatcherConnection.dispatch (/private/var/folders/5l/vkhf9r3554ggrmzshyky98p40000gn/T/playwright-java-5391121440656173722/package/lib/server/dispatchers/dispatcher.js:362:39)
}
Call log:
- navigating to "https://the-internet.herokuapp.com/digest_auth", waiting until "load"

at com.microsoft.playwright.impl.WaitableResult.get(WaitableResult.java:54)
at com.microsoft.playwright.impl.ChannelOwner.runUntil(ChannelOwner.java:120)
at com.microsoft.playwright.impl.Connection.sendMessage(Connection.java:129)
at com.microsoft.playwright.impl.ChannelOwner.sendMessage(ChannelOwner.java:106)
at com.microsoft.playwright.impl.FrameImpl.navigateImpl(FrameImpl.java:463)
at com.microsoft.playwright.impl.PageImpl.lambda$navigate$45(PageImpl.java:836)
at com.microsoft.playwright.impl.LoggingSupport.withLogging(LoggingSupport.java:47)
at com.microsoft.playwright.impl.ChannelOwner.withLogging(ChannelOwner.java:89)
at com.microsoft.playwright.impl.PageImpl.navigate(PageImpl.java:836)
at com.microsoft.playwright.impl.PageImpl.navigate(PageImpl.java:42)
at com.microsoft.playwright.Page.navigate(Page.java:5332)
at playwrightconcepts.AuthenticationPopUp.authPopUp(AuthenticationPopUp.java:26)
at java.base/jdk.internal.reflect.NativeMethodAccessorImpl.invoke0(Native Method)
at java.base/jdk.internal.reflect.NativeMethodAccessorImpl.invoke(NativeMethodAccessorImpl.java:77)
at java.base/jdk.internal.reflect.DelegatingMethodAccessorImpl.invoke(DelegatingMethodAccessorImpl.java:43)
at java.base/java.lang.reflect.Method.invoke(Method.java:568)
at org.testng.internal.MethodInvocationHelper.invokeMethod(MethodInvocationHelper.java:133)
at org.testng.internal.TestInvoker.invokeMethod(TestInvoker.java:598)
at org.testng.internal.TestInvoker.invokeTestMethod(TestInvoker.java:173)
at org.testng.internal.MethodRunner.runInSequence(MethodRunner.java:46)
at org.testng.internal.TestInvoker$MethodInvocationAgent.invoke(TestInvoker.java:824)
at org.testng.internal.TestInvoker.invokeTestMethods(TestInvoker.java:146)
at org.testng.internal.TestMethodWorker.invokeTestMethods(TestMethodWorker.java:146)
at org.testng.internal.TestMethodWorker.run(TestMethodWorker.java:128)
at java.base/java.util.ArrayList.forEach(ArrayList.java:1511)
at org.testng.TestRunner.privateRun(TestRunner.java:794)
at org.testng.TestRunner.run(TestRunner.java:596)
at org.testng.SuiteRunner.runTest(SuiteRunner.java:377)
at org.testng.SuiteRunner.runSequentially(SuiteRunner.java:371)
at org.testng.SuiteRunner.privateRun(SuiteRunner.java:332)
at org.testng.SuiteRunner.run(SuiteRunner.java:276)
at org.testng.SuiteRunnerWorker.runSuite(SuiteRunnerWorker.java:53)
at org.testng.SuiteRunnerWorker.run(SuiteRunnerWorker.java:96)
at org.testng.TestNG.runSuitesSequentially(TestNG.java:1212)
at org.testng.TestNG.runSuitesLocally(TestNG.java:1134)
at org.testng.TestNG.runSuites(TestNG.java:1063)
at org.testng.TestNG.run(TestNG.java:1031)
at org.testng.remote.AbstractRemoteTestNG.run(AbstractRemoteTestNG.java:115)
at org.testng.remote.RemoteTestNG.initAndRun(RemoteTestNG.java:251)
at org.testng.remote.RemoteTestNG.main(RemoteTestNG.java:77)
Caused by: com.microsoft.playwright.impl.TargetClosedError: Error {
  message='Target page, context or browser has been closed
  name='TargetClosedError
  stack='TargetClosedError:Target page, context or browser has been closed
Error
    at captureRawStack (/private/var/folders/5l/vkhf9r3554ggrmzshyky98p40000gn/T/playwright-java-5391121440656173722/package/lib/utils/stackTrace.js:50:17)
    at LongStandingScope._race (/private/var/folders/5l/vkhf9r3554ggrmzshyky98p40000gn/T/playwright-java-5391121440656173722/package/lib/utils/manualPromise.js:91:52)
    at LongStandingScope.race (/private/var/folders/5l/vkhf9r3554ggrmzshyky98p40000gn/T/playwright-java-5391121440656173722/package/lib/utils/manualPromise.js:84:17)
    at FrameDispatcher._handleCommand (/private/var/folders/5l/vkhf9r3554ggrmzshyky98p40000gn/T/playwright-java-5391121440656173722/package/lib/server/dispatchers/dispatcher.js:96:36)
    at DispatcherConnection.dispatch (/private/var/folders/5l/vkhf9r3554ggrmzshyky98p40000gn/T/playwright-java-5391121440656173722/package/lib/server/dispatchers/dispatcher.js:362:39)
}
Call log:
- navigating to "https://the-internet.herokuapp.com/digest_auth", waiting until "load"

at com.microsoft.playwright.impl.Connection.dispatch(Connection.java:256)
at com.microsoft.playwright.impl.Connection.processOneMessage(Connection.java:209)
at com.microsoft.playwright.impl.ChannelOwner.runUntil(ChannelOwner.java:118)
... 38 more
]]>
    </error>
  </testcase> <!-- authPopUp -->
  <system-out/>
</testsuite> <!-- playwrightconcepts.AuthenticationPopUp -->
