<?xml version="1.0" encoding="UTF-8"?>
<!-- Generated by org.testng.reporters.JUnitReportReporter -->
<testsuite hostname="chandans-MacBook-Air.local" failures="0" tests="1" name="application.BackForwardAndReload" time="25.133" errors="0" timestamp="2024-09-16T19:14:13 IST" skipped="0">
  <testcase classname="application.BackForwardAndReload" name="getTitle" time="25.133"/>
  <system-out/>
</testsuite> <!-- application.BackForwardAndReload -->
