<?xml version="1.0" encoding="UTF-8"?>
<!-- Generated by org.testng.reporters.JUnitReportReporter -->
<testsuite hostname="chandans-MacBook-Air.local" failures="0" tests="1" name="playwrightconcepts.MultipleWindows2" time="8.312" errors="0" timestamp="2024-09-23T20:16:21 IST" skipped="0">
  <testcase classname="playwrightconcepts.MultipleWindows2" name="windowHandles" time="8.312"/>
  <system-out/>
</testsuite> <!-- playwrightconcepts.MultipleWindows2 -->
