<?xml version="1.0" encoding="UTF-8"?>
<!-- Generated by org.testng.reporters.JUnitReportReporter -->
<testsuite hostname="chandans-MacBook-Air.local" failures="0" tests="1" name="playwrightconcepts.UploadMultipleFiles" time="41.401" errors="1" timestamp="2024-09-23T10:21:45 IST" skipped="0">
  <testcase classname="playwrightconcepts.UploadMultipleFiles" name="fileUpload" time="41.401">
    <error message="Error {
  message=&#039;Timeout 30000ms exceeded.
  name=&#039;TimeoutError
  stack=&#039;TimeoutError: Timeout 30000ms exceeded.
    at ProgressController.run (/private/var/folders/5l/vkhf9r3554ggrmzshyky98p40000gn/T/playwright-java-17867864138754034348/package/lib/server/progress.js:87:26)
    at Frame.click (/private/var/folders/5l/vkhf9r3554ggrmzshyky98p40000gn/T/playwright-java-17867864138754034348/package/lib/server/frames.js:995:23)
    at FrameDispatcher.click (/private/var/folders/5l/vkhf9r3554ggrmzshyky98p40000gn/T/playwright-java-17867864138754034348/package/lib/server/dispatchers/frameDispatcher.js:158:30)
    at FrameDispatcher._handleCommand (/private/var/folders/5l/vkhf9r3554ggrmzshyky98p40000gn/T/playwright-java-17867864138754034348/package/lib/server/dispatchers/dispatcher.js:94:40)
    at DispatcherConnection.dispatch (/private/var/folders/5l/vkhf9r3554ggrmzshyky98p40000gn/T/playwright-java-17867864138754034348/package/lib/server/dispatchers/dispatcher.js:362:39)
}
Call log:
- waiting for locator(&quot;#file-submit&quot;)
" type="com.microsoft.playwright.TimeoutError">
      <![CDATA[com.microsoft.playwright.TimeoutError: Error {
  message='Timeout 30000ms exceeded.
  name='TimeoutError
  stack='TimeoutError: Timeout 30000ms exceeded.
    at ProgressController.run (/private/var/folders/5l/vkhf9r3554ggrmzshyky98p40000gn/T/playwright-java-17867864138754034348/package/lib/server/progress.js:87:26)
    at Frame.click (/private/var/folders/5l/vkhf9r3554ggrmzshyky98p40000gn/T/playwright-java-17867864138754034348/package/lib/server/frames.js:995:23)
    at FrameDispatcher.click (/private/var/folders/5l/vkhf9r3554ggrmzshyky98p40000gn/T/playwright-java-17867864138754034348/package/lib/server/dispatchers/frameDispatcher.js:158:30)
    at FrameDispatcher._handleCommand (/private/var/folders/5l/vkhf9r3554ggrmzshyky98p40000gn/T/playwright-java-17867864138754034348/package/lib/server/dispatchers/dispatcher.js:94:40)
    at DispatcherConnection.dispatch (/private/var/folders/5l/vkhf9r3554ggrmzshyky98p40000gn/T/playwright-java-17867864138754034348/package/lib/server/dispatchers/dispatcher.js:362:39)
}
Call log:
- waiting for locator("#file-submit")

at com.microsoft.playwright.impl.WaitableResult.get(WaitableResult.java:52)
at com.microsoft.playwright.impl.ChannelOwner.runUntil(ChannelOwner.java:120)
at com.microsoft.playwright.impl.Connection.sendMessage(Connection.java:129)
at com.microsoft.playwright.impl.ChannelOwner.sendMessage(ChannelOwner.java:106)
at com.microsoft.playwright.impl.FrameImpl.clickImpl(FrameImpl.java:252)
at com.microsoft.playwright.impl.FrameImpl.lambda$click$8(FrameImpl.java:243)
at com.microsoft.playwright.impl.LoggingSupport.lambda$withLogging$0(LoggingSupport.java:36)
at com.microsoft.playwright.impl.LoggingSupport.withLogging(LoggingSupport.java:47)
at com.microsoft.playwright.impl.ChannelOwner.withLogging(ChannelOwner.java:89)
at com.microsoft.playwright.impl.LoggingSupport.withLogging(LoggingSupport.java:35)
at com.microsoft.playwright.impl.FrameImpl.click(FrameImpl.java:243)
at com.microsoft.playwright.impl.LocatorImpl.click(LocatorImpl.java:140)
at com.microsoft.playwright.Locator.click(Locator.java:2387)
at playwrightconcepts.UploadMultipleFiles.fileUpload(UploadMultipleFiles.java:43)
at java.base/jdk.internal.reflect.NativeMethodAccessorImpl.invoke0(Native Method)
at java.base/jdk.internal.reflect.NativeMethodAccessorImpl.invoke(NativeMethodAccessorImpl.java:77)
at java.base/jdk.internal.reflect.DelegatingMethodAccessorImpl.invoke(DelegatingMethodAccessorImpl.java:43)
at java.base/java.lang.reflect.Method.invoke(Method.java:568)
at org.testng.internal.MethodInvocationHelper.invokeMethod(MethodInvocationHelper.java:133)
at org.testng.internal.TestInvoker.invokeMethod(TestInvoker.java:598)
at org.testng.internal.TestInvoker.invokeTestMethod(TestInvoker.java:173)
at org.testng.internal.MethodRunner.runInSequence(MethodRunner.java:46)
at org.testng.internal.TestInvoker$MethodInvocationAgent.invoke(TestInvoker.java:824)
at org.testng.internal.TestInvoker.invokeTestMethods(TestInvoker.java:146)
at org.testng.internal.TestMethodWorker.invokeTestMethods(TestMethodWorker.java:146)
at org.testng.internal.TestMethodWorker.run(TestMethodWorker.java:128)
at java.base/java.util.ArrayList.forEach(ArrayList.java:1511)
at org.testng.TestRunner.privateRun(TestRunner.java:794)
at org.testng.TestRunner.run(TestRunner.java:596)
at org.testng.SuiteRunner.runTest(SuiteRunner.java:377)
at org.testng.SuiteRunner.runSequentially(SuiteRunner.java:371)
at org.testng.SuiteRunner.privateRun(SuiteRunner.java:332)
at org.testng.SuiteRunner.run(SuiteRunner.java:276)
at org.testng.SuiteRunnerWorker.runSuite(SuiteRunnerWorker.java:53)
at org.testng.SuiteRunnerWorker.run(SuiteRunnerWorker.java:96)
at org.testng.TestNG.runSuitesSequentially(TestNG.java:1212)
at org.testng.TestNG.runSuitesLocally(TestNG.java:1134)
at org.testng.TestNG.runSuites(TestNG.java:1063)
at org.testng.TestNG.run(TestNG.java:1031)
at org.testng.remote.AbstractRemoteTestNG.run(AbstractRemoteTestNG.java:115)
at org.testng.remote.RemoteTestNG.initAndRun(RemoteTestNG.java:251)
at org.testng.remote.RemoteTestNG.main(RemoteTestNG.java:77)
Caused by: com.microsoft.playwright.TimeoutError: Error {
  message='Timeout 30000ms exceeded.
  name='TimeoutError
  stack='TimeoutError: Timeout 30000ms exceeded.
    at ProgressController.run (/private/var/folders/5l/vkhf9r3554ggrmzshyky98p40000gn/T/playwright-java-17867864138754034348/package/lib/server/progress.js:87:26)
    at Frame.click (/private/var/folders/5l/vkhf9r3554ggrmzshyky98p40000gn/T/playwright-java-17867864138754034348/package/lib/server/frames.js:995:23)
    at FrameDispatcher.click (/private/var/folders/5l/vkhf9r3554ggrmzshyky98p40000gn/T/playwright-java-17867864138754034348/package/lib/server/dispatchers/frameDispatcher.js:158:30)
    at FrameDispatcher._handleCommand (/private/var/folders/5l/vkhf9r3554ggrmzshyky98p40000gn/T/playwright-java-17867864138754034348/package/lib/server/dispatchers/dispatcher.js:94:40)
    at DispatcherConnection.dispatch (/private/var/folders/5l/vkhf9r3554ggrmzshyky98p40000gn/T/playwright-java-17867864138754034348/package/lib/server/dispatchers/dispatcher.js:362:39)
}
Call log:
- waiting for locator("#file-submit")

at com.microsoft.playwright.impl.Connection.dispatch(Connection.java:254)
at com.microsoft.playwright.impl.Connection.processOneMessage(Connection.java:209)
at com.microsoft.playwright.impl.ChannelOwner.runUntil(ChannelOwner.java:118)
... 40 more
]]>
    </error>
  </testcase> <!-- fileUpload -->
  <system-out/>
</testsuite> <!-- playwrightconcepts.UploadMultipleFiles -->
