<?xml version="1.0" encoding="UTF-8"?>
<!-- Generated by org.testng.reporters.JUnitReportReporter -->
<testsuite hostname="chandans-MacBook-Air.local" failures="0" tests="1" name="application.Tooltip" time="11.068" errors="0" timestamp="2024-09-16T19:03:43 IST" skipped="0">
  <testcase classname="application.Tooltip" name="getTitle" time="11.068"/>
  <system-out/>
</testsuite> <!-- application.Tooltip -->
