<?xml version="1.0" encoding="UTF-8"?>
<!-- Generated by org.testng.reporters.JUnitReportReporter -->
<testsuite hostname="chandans-MacBook-Air.local" failures="0" tests="1" name="playwrighttestcase.FindTheBrokenLinks" time="10.438" errors="0" timestamp="2024-04-26T23:17:30 IST" skipped="0">
  <testcase classname="playwrighttestcase.FindTheBrokenLinks" name="data" time="10.438"/>
  <system-out/>
</testsuite> <!-- playwrighttestcase.FindTheBrokenLinks -->
