<?xml version="1.0" encoding="UTF-8"?>
<!-- Generated by org.testng.reporters.JUnitReportReporter -->
<testsuite hostname="chandans-MacBook-Air.local" failures="0" tests="1" name="playwrightconcepts.FileDownload" time="10.230" errors="0" timestamp="2024-09-21T20:58:15 IST" skipped="0">
  <testcase classname="playwrightconcepts.FileDownload" name="fileDownload" time="10.230"/>
  <system-out/>
</testsuite> <!-- playwrightconcepts.FileDownload -->
