<?xml version="1.0" encoding="UTF-8"?>
<!-- Generated by org.testng.reporters.JUnitReportReporter -->
<testsuite hostname="chandans-MacBook-Air.local" failures="0" tests="1" name="playwrightconcepts.getUrl" time="9.011" errors="0" timestamp="2024-09-17T22:17:46 IST" skipped="0">
  <testcase classname="playwrightconcepts.getUrl" name="getTitle" time="9.011"/>
  <system-out/>
</testsuite> <!-- playwrightconcepts.getUrl -->
