<?xml version="1.0" encoding="UTF-8"?>
<!-- Generated by org.testng.reporters.JUnitReportReporter -->
<testsuite hostname="chandans-MacBook-Air.local" failures="0" tests="1" name="playwrightconcepts.MultipleWindows" time="21.060" errors="0" timestamp="2024-09-23T18:32:12 IST" skipped="0">
  <testcase classname="playwrightconcepts.MultipleWindows" name="windowHandles" time="21.060"/>
  <system-out/>
</testsuite> <!-- playwrightconcepts.MultipleWindows -->
