<?xml version="1.0" encoding="UTF-8"?>
<!-- Generated by org.testng.reporters.JUnitReportReporter -->
<testsuite hostname="chandans-MacBook-Air.local" failures="0" tests="1" name="playwrightconcepts.FileDownload" time="19.070" errors="0" timestamp="2024-12-14T17:17:53 IST" skipped="0">
  <testcase classname="playwrightconcepts.FileDownload" name="fileDownload" time="19.070"/>
  <system-out/>
</testsuite> <!-- playwrightconcepts.FileDownload -->
