<?xml version="1.0" encoding="UTF-8"?>
<!-- Generated by org.testng.reporters.JUnitReportReporter -->
<testsuite hostname="chandans-MacBook-Air.local" failures="0" tests="1" name="playwrightconcepts.ModalPopUp" time="24.346" errors="0" timestamp="2024-10-02T16:15:47 IST" skipped="0">
  <testcase classname="playwrightconcepts.ModalPopUp" name="moalPopup" time="24.346"/>
  <system-out/>
</testsuite> <!-- playwrightconcepts.ModalPopUp -->
