<?xml version="1.0" encoding="UTF-8"?>
<!-- Generated by org.testng.reporters.JUnitReportReporter -->
<testsuite hostname="chandans-MacBook-Air.local" failures="0" tests="1" name="playwrightconcepts.JqueryDropDown" time="11.963" errors="0" timestamp="2024-09-17T23:27:36 IST" skipped="0">
  <testcase classname="playwrightconcepts.JqueryDropDown" name="selectDropdown" time="11.963"/>
  <system-out/>
</testsuite> <!-- playwrightconcepts.JqueryDropDown -->
