<?xml version="1.0" encoding="UTF-8"?>
<!-- Generated by org.testng.reporters.JUnitReportReporter -->
<testsuite hostname="chandans-MacBook-Air.local" failures="0" tests="2" name="com.application.testngtestcases.ActimeTimePageTest" time="7.043" errors="0" timestamp="2024-12-13T21:49:25 IST" skipped="0">
  <testcase classname="com.application.testngtestcases.ActimeTimePageTest" name="emailtest1" time="3.808"/>
  <system-out/>
  <testcase classname="com.application.testngtestcases.ActimeTimePageTest" name="zypher" time="3.235"/>
  <system-out/>
</testsuite> <!-- com.application.testngtestcases.ActimeTimePageTest -->
