<?xml version="1.0" encoding="UTF-8"?>
<!-- Generated by org.testng.reporters.JUnitReportReporter -->
<testsuite hostname="chandans-MacBook-Air.local" failures="0" tests="1" name="playwrightconcepts.NestedFrames" time="21.473" errors="0" timestamp="2024-09-18T11:08:05 IST" skipped="0">
  <testcase classname="playwrightconcepts.NestedFrames" name="selectDropdown" time="21.473"/>
  <system-out/>
</testsuite> <!-- playwrightconcepts.NestedFrames -->
