<?xml version="1.0" encoding="UTF-8"?>
<!-- Generated by org.testng.reporters.JUnitReportReporter -->
<testsuite hostname="chandans-MacBook-Air.local" failures="0" tests="1" name="playwrightconcepts.FileUpload" time="23.284" errors="0" timestamp="2024-12-14T17:20:26 IST" skipped="0">
  <testcase classname="playwrightconcepts.FileUpload" name="fileUpload" time="23.284"/>
  <system-out/>
</testsuite> <!-- playwrightconcepts.FileUpload -->
