<?xml version="1.0" encoding="UTF-8"?>
<!-- Generated by org.testng.reporters.JUnitReportReporter -->
<testsuite hostname="chandans-MacBook-Air.local" failures="0" tests="1" name="application.FindElement" time="15.684" errors="0" timestamp="2024-09-16T19:01:18 IST" skipped="0">
  <testcase classname="application.FindElement" name="getTitle" time="15.684"/>
  <system-out/>
</testsuite> <!-- application.FindElement -->
