<?xml version="1.0" encoding="UTF-8"?>
<!-- Generated by org.testng.reporters.JUnitReportReporter -->
<testsuite hostname="chandans-MacBook-Air.local" failures="0" tests="1" name="application.GetPageTitle" time="14.903" errors="0" timestamp="2024-09-16T19:02:12 IST" skipped="0">
  <testcase classname="application.GetPageTitle" name="getTitle" time="14.903"/>
  <system-out/>
</testsuite> <!-- application.GetPageTitle -->
