<?xml version="1.0" encoding="UTF-8"?>
<!-- Generated by org.testng.reporters.JUnitReportReporter -->
<testsuite hostname="chandans-MacBook-Air.local" failures="0" tests="1" name="playwrightconcepts.CheckBoxAndRadioButton" time="16.985" errors="0" timestamp="2024-09-18T13:49:43 IST" skipped="0">
  <testcase classname="playwrightconcepts.CheckBoxAndRadioButton" name="selectDropdown" time="16.985"/>
  <system-out/>
</testsuite> <!-- playwrightconcepts.CheckBoxAndRadioButton -->
