<?xml version="1.0" encoding="UTF-8"?>
<!-- Generated by org.testng.reporters.JUnitReportReporter -->
<testsuite hostname="chandans-MacBook-Air.local" failures="0" tests="1" name="application.MaximizeBrowser" time="16.959" errors="0" timestamp="2024-09-16T19:03:19 IST" skipped="0">
  <testcase classname="application.MaximizeBrowser" name="getTitle" time="16.959"/>
  <system-out/>
</testsuite> <!-- application.MaximizeBrowser -->
