<?xml version="1.0" encoding="UTF-8"?>
<!-- Generated by org.testng.reporters.JUnitReportReporter -->
<testsuite hostname="chandans-MacBook-Air.local" failures="0" tests="1" name="playwrightconcepts.AlertPopUp" time="33.409" errors="0" timestamp="2024-12-14T16:32:51 IST" skipped="0">
  <testcase classname="playwrightconcepts.AlertPopUp" name="alertPopUp" time="33.409"/>
  <system-out/>
</testsuite> <!-- playwrightconcepts.AlertPopUp -->
