<?xml version="1.0" encoding="UTF-8"?>
<!-- Generated by org.testng.reporters.JUnitReportReporter -->
<testsuite hostname="chandans-MacBook-Air.local" failures="0" tests="2" name="com.application.testngtestcases.ActimePage" time="5.718" errors="0" timestamp="2024-12-13T21:49:25 IST" skipped="0">
  <testcase classname="com.application.testngtestcases.ActimePage" name="emailtest4" time="2.162"/>
  <system-out/>
  <testcase classname="com.application.testngtestcases.ActimePage" name="emailtest" time="3.556"/>
  <system-out/>
</testsuite> <!-- com.application.testngtestcases.ActimePage -->
