<?xml version="1.0" encoding="UTF-8"?>
<!-- Generated by org.testng.reporters.JUnitReportReporter -->
<testsuite hostname="chandans-MacBook-Air.local" failures="0" tests="1" name="playwrightconcepts.WindowHandles" time="9.348" errors="0" timestamp="2024-09-23T14:17:24 IST" skipped="0">
  <testcase classname="playwrightconcepts.WindowHandles" name="windowHandles" time="9.348"/>
  <system-out/>
</testsuite> <!-- playwrightconcepts.WindowHandles -->
