<?xml version="1.0" encoding="UTF-8"?>
<!-- Generated by org.testng.reporters.JUnitReportReporter -->
<testsuite hostname="chandans-MacBook-Air.local" failures="0" tests="1" name="playwrightconcepts.BrokenLink" time="20.934" errors="0" timestamp="2025-01-21T21:28:00 IST" skipped="0">
  <testcase classname="playwrightconcepts.BrokenLink" name="brokenLinkTest" time="20.934"/>
  <system-out/>
</testsuite> <!-- playwrightconcepts.BrokenLink -->
