<?xml version="1.0" encoding="UTF-8"?>
<!-- Generated by org.testng.reporters.JUnitReportReporter -->
<testsuite hostname="chandans-MacBook-Air.local" failures="0" tests="1" name="playwrightconcepts.getPlaceHolderText" time="6.706" errors="0" timestamp="2024-09-17T22:18:00 IST" skipped="0">
  <testcase classname="playwrightconcepts.getPlaceHolderText" name="getTitle" time="6.706"/>
  <system-out/>
</testsuite> <!-- playwrightconcepts.getPlaceHolderText -->
