<?xml version="1.0" encoding="UTF-8"?>
<!-- Generated by org.testng.reporters.JUnitReportReporter -->
<testsuite hostname="chandans-MacBook-Air.local" failures="0" tests="1" name="testpackage.Checkbox" time="8.359" errors="0" timestamp="2025-02-04T16:24:29 IST" skipped="0">
  <testcase classname="testpackage.Checkbox" name="checkBoxTest" time="8.359"/>
  <system-out/>
</testsuite> <!-- testpackage.Checkbox -->
